<?xml version="1.0" encoding="UTF-8"?>
<testsuite name="ru.netology.CashbackHackServiceTest" tests="1" skipped="0" failures="0" errors="0" timestamp="2023-02-28T05:34:03" hostname="MacBook-Air-Artem.local" time="0.008">
  <properties/>
  <testcase name="testOneHungreed" classname="ru.netology.CashbackHackServiceTest" time="0.008"/>
  <system-out><![CDATA[]]></system-out>
  <system-err><![CDATA[]]></system-err>
</testsuite>
